<?xml version="1.0" encoding="UTF-8"?>
<testsuite xmlns:xsi="http://www.w3.org/2001/XMLSchema-instance" xsi:noNamespaceSchemaLocation="https://maven.apache.org/surefire/maven-surefire-plugin/xsd/surefire-test-report.xsd" name="reactive.ReactiveTest" time="0.24" tests="3" errors="0" skipped="0" failures="0">
  <properties>
[...]
</properties>
  <testcase name="reactive.ReactiveTest.test_Basic" classname="reactive.ReactiveTest" time="0.23"/>
  <testcase name="reactive.ReactiveTest.test_Backpressure" classname="reactive.ReactiveTest" time="0.003"/>
  <testcase name="reactive.ReactiveTest.test_operations" classname="reactive.ReactiveTest" time="0.003"/>
</testsuite>